ASSERTION	AAMEAAEBBgAAAAAAAACJQA==
ASSERTION	AAMDAAMCAAAAAAAAgFZA
RUN	BulkScan.Login.BulkScan		bulkscan	1539785201223	 	2.0
USER	Bulk Scan	1	START	1539785202656	1539785202656
USER	Bulk Scan	2	START	1539785203178	1539785203178
USER	Bulk Scan	3	START	1539785203678	1539785203678
REQUEST	Bulk Scan	1		002_FileUpload	1539785202696	1539785203881	OK	 
USER	Bulk Scan	1	END	1539785202656	1539785203905
USER	Bulk Scan	4	START	1539785204678	1539785204678
REQUEST	Bulk Scan	4		002_FileUpload	1539785204679	1539785205352	OK	 
USER	Bulk Scan	4	END	1539785204678	1539785205353
USER	Bulk Scan	5	START	1539785205678	1539785205678
USER	Bulk Scan	6	START	1539785206179	1539785206179
USER	Bulk Scan	7	START	1539785206679	1539785206679
REQUEST	Bulk Scan	5		002_FileUpload	1539785205680	1539785206872	OK	 
USER	Bulk Scan	5	END	1539785205678	1539785206873
USER	Bulk Scan	8	START	1539785207668	1539785207668
REQUEST	Bulk Scan	2		002_FileUpload	1539785203179	1539785208071	OK	 
USER	Bulk Scan	2	END	1539785203178	1539785208072
USER	Bulk Scan	9	START	1539785208679	1539785208679
REQUEST	Bulk Scan	3		002_FileUpload	1539785203679	1539785208753	OK	 
USER	Bulk Scan	3	END	1539785203678	1539785208754
REQUEST	Bulk Scan	7		002_FileUpload	1539785206680	1539785208936	OK	 
USER	Bulk Scan	7	END	1539785206679	1539785208937
REQUEST	Bulk Scan	8		002_FileUpload	1539785207670	1539785209010	OK	 
USER	Bulk Scan	8	END	1539785207668	1539785209012
USER	Bulk Scan	10	START	1539785209170	1539785209170
REQUEST	Bulk Scan	6		002_FileUpload	1539785206180	1539785209299	OK	 
USER	Bulk Scan	6	END	1539785206179	1539785209299
USER	Bulk Scan	11	START	1539785209668	1539785209668
REQUEST	Bulk Scan	10		002_FileUpload	1539785209171	1539785209960	OK	 
USER	Bulk Scan	10	END	1539785209170	1539785209961
REQUEST	Bulk Scan	9		002_FileUpload	1539785208680	1539785210576	OK	 
USER	Bulk Scan	9	END	1539785208679	1539785210576
USER	Bulk Scan	12	START	1539785210680	1539785210680
USER	Bulk Scan	13	START	1539785211679	1539785211679
REQUEST	Bulk Scan	13		002_FileUpload	1539785211680	1539785212752	OK	 
USER	Bulk Scan	13	END	1539785211679	1539785212753
REQUEST	Bulk Scan	12		002_FileUpload	1539785210681	1539785213391	OK	 
USER	Bulk Scan	12	END	1539785210680	1539785213392
REQUEST	Bulk Scan	11		002_FileUpload	1539785209669	1539785213655	OK	 
USER	Bulk Scan	11	END	1539785209668	1539785213656
