ASSERTION	AAMEAAEBBgAAAAAAAACJQA==
ASSERTION	AAMDAAMCAAAAAAAAgFZA
RUN	BulkScan.Login.BulkScan		bulkscan	1539776263957	 	2.0
USER	Bulk Scan	1	START	1539776264608	1539776264608
USER	Bulk Scan	2	START	1539776265131	1539776265131
USER	Bulk Scan	3	START	1539776265630	1539776265630
USER	Bulk Scan	4	START	1539776266633	1539776266633
USER	Bulk Scan	5	START	1539776267623	1539776267623
USER	Bulk Scan	6	START	1539776268122	1539776268122
USER	Bulk Scan	7	START	1539776268621	1539776268621
USER	Bulk Scan	8	START	1539776269621	1539776269621
USER	Bulk Scan	9	START	1539776270622	1539776270622
REQUEST	Bulk Scan	1		002_FileUpload	1539776264662	1539776271027	OK	 
USER	Bulk Scan	1	END	1539776264608	1539776271052
USER	Bulk Scan	10	START	1539776271123	1539776271123
USER	Bulk Scan	11	START	1539776271622	1539776271622
USER	Bulk Scan	12	START	1539776272621	1539776272621
REQUEST	Bulk Scan	4		002_FileUpload	1539776266634	1539776273181	OK	 
USER	Bulk Scan	4	END	1539776266633	1539776273182
USER	Bulk Scan	13	START	1539776273621	1539776273621
REQUEST	Bulk Scan	6		002_FileUpload	1539776268123	1539776275700	OK	 
USER	Bulk Scan	6	END	1539776268122	1539776275702
REQUEST	Bulk Scan	10		002_FileUpload	1539776271125	1539776277645	OK	 
USER	Bulk Scan	10	END	1539776271123	1539776277646
REQUEST	Bulk Scan	3		002_FileUpload	1539776265631	1539776280105	OK	 
USER	Bulk Scan	3	END	1539776265630	1539776280106
REQUEST	Bulk Scan	13		002_FileUpload	1539776273623	1539776280538	OK	 
USER	Bulk Scan	13	END	1539776273621	1539776280539
REQUEST	Bulk Scan	11		002_FileUpload	1539776271624	1539776281315	OK	 
USER	Bulk Scan	11	END	1539776271622	1539776281316
REQUEST	Bulk Scan	12		002_FileUpload	1539776272622	1539776284367	OK	 
USER	Bulk Scan	12	END	1539776272621	1539776284368
REQUEST	Bulk Scan	8		002_FileUpload	1539776269622	1539776284614	OK	 
USER	Bulk Scan	8	END	1539776269621	1539776284615
REQUEST	Bulk Scan	5		002_FileUpload	1539776267624	1539776284765	OK	 
USER	Bulk Scan	5	END	1539776267623	1539776284767
REQUEST	Bulk Scan	7		002_FileUpload	1539776268622	1539776290301	OK	 
USER	Bulk Scan	7	END	1539776268621	1539776290302
REQUEST	Bulk Scan	2		002_FileUpload	1539776265132	1539776290352	OK	 
USER	Bulk Scan	2	END	1539776265131	1539776290353
REQUEST	Bulk Scan	9		002_FileUpload	1539776270624	1539776291475	OK	 
USER	Bulk Scan	9	END	1539776270622	1539776291477
