ASSERTION	AAMEAAEBBgAAAAAAAACJQA==
ASSERTION	AAMDAAMCAAAAAAAAgFZA
RUN	BulkScan.Login.BulkScan		bulkscan	1539788041813	 	2.0
USER	Bulk Scan	1	START	1539788042353	1539788042353
USER	Bulk Scan	2	START	1539788044381	1539788044381
REQUEST	Bulk Scan	2		002_FileUpload	1539788044383	1539788045898	OK	 
USER	Bulk Scan	3	START	1539788046369	1539788046369
REQUEST	Bulk Scan	2		002_FileUpload	1539788045924	1539788048284	OK	 
USER	Bulk Scan	2	END	1539788044381	1539788048292
REQUEST	Bulk Scan	3		002_FileUpload	1539788046370	1539788048299	OK	 
USER	Bulk Scan	4	START	1539788048369	1539788048369
REQUEST	Bulk Scan	3		002_FileUpload	1539788048301	1539788049755	OK	 
USER	Bulk Scan	3	END	1539788046369	1539788049757
REQUEST	Bulk Scan	4		002_FileUpload	1539788048371	1539788049955	OK	 
USER	Bulk Scan	5	START	1539788050369	1539788050369
REQUEST	Bulk Scan	4		002_FileUpload	1539788049958	1539788050733	OK	 
USER	Bulk Scan	4	END	1539788048369	1539788050734
REQUEST	Bulk Scan	5		002_FileUpload	1539788050370	1539788052304	OK	 
REQUEST	Bulk Scan	5		002_FileUpload	1539788052306	1539788053371	OK	 
USER	Bulk Scan	5	END	1539788050369	1539788053372
REQUEST	Bulk Scan	1		002_FileUpload	1539788042404	1539788057090	OK	 
REQUEST	Bulk Scan	1		002_FileUpload	1539788057092	1539788059648	OK	 
USER	Bulk Scan	1	END	1539788042353	1539788059649
