ASSERTION	AAMEAAEBBgAAAAAAAACJQA==
ASSERTION	AAMDAAMCAAAAAAAAgFZA
RUN	BulkScan.Login.BulkScan		bulkscan	1537780534583	 	2.0
USER	Bulk Scan	1	START	1537780535236	1537780535236
USER	Bulk Scan	2	START	1537780535295	1537780535295
USER	Bulk Scan	3	START	1537780535296	1537780535296
USER	Bulk Scan	4	START	1537780535298	1537780535298
USER	Bulk Scan	5	START	1537780535299	1537780535299
USER	Bulk Scan	6	START	1537780535300	1537780535300
USER	Bulk Scan	7	START	1537780535301	1537780535301
USER	Bulk Scan	8	START	1537780535302	1537780535302
USER	Bulk Scan	9	START	1537780535303	1537780535303
USER	Bulk Scan	10	START	1537780535305	1537780535305
REQUEST	Bulk Scan	4		001_GetToken	1537780535299	1537780536247	OK	 
REQUEST	Bulk Scan	10		001_GetToken	1537780535305	1537780536247	OK	 
REQUEST	Bulk Scan	5		001_GetToken	1537780535300	1537780536247	OK	 
REQUEST	Bulk Scan	3		001_GetToken	1537780535297	1537780536247	OK	 
REQUEST	Bulk Scan	6		001_GetToken	1537780535301	1537780536247	OK	 
REQUEST	Bulk Scan	8		001_GetToken	1537780535303	1537780537840	OK	 
REQUEST	Bulk Scan	2		001_GetToken	1537780535295	1537780537842	OK	 
REQUEST	Bulk Scan	7		001_GetToken	1537780535302	1537780537846	OK	 
REQUEST	Bulk Scan	9		001_GetToken	1537780535304	1537780537847	OK	 
REQUEST	Bulk Scan	1		001_GetToken	1537780535264	1537780537854	OK	 
REQUEST	Bulk Scan	4		002_FileUpload	1537780536373	1537780538122	OK	 
USER	Bulk Scan	4	END	1537780535298	1537780538135
REQUEST	Bulk Scan	5		002_FileUpload	1537780536374	1537780542050	OK	 
USER	Bulk Scan	5	END	1537780535299	1537780542051
REQUEST	Bulk Scan	6		002_FileUpload	1537780536371	1537780544016	OK	 
USER	Bulk Scan	6	END	1537780535300	1537780544017
REQUEST	Bulk Scan	1		002_FileUpload	1537780537855	1537780547125	OK	 
USER	Bulk Scan	1	END	1537780535236	1537780547126
REQUEST	Bulk Scan	9		002_FileUpload	1537780537849	1537780549456	KO	status.find.is(201), but actually found 400
USER	Bulk Scan	9	END	1537780535303	1537780549465
REQUEST	Bulk Scan	7		002_FileUpload	1537780537848	1537780578688	OK	 
USER	Bulk Scan	7	END	1537780535301	1537780578690
REQUEST	Bulk Scan	2		002_FileUpload	1537780537845	1537780583953	OK	 
USER	Bulk Scan	2	END	1537780535295	1537780583954
REQUEST	Bulk Scan	8		002_FileUpload	1537780537843	1537780584236	OK	 
USER	Bulk Scan	8	END	1537780535302	1537780584238
REQUEST	Bulk Scan	3		002_FileUpload	1537780536376	1537780594155	OK	 
USER	Bulk Scan	3	END	1537780535296	1537780594156
REQUEST	Bulk Scan	10		002_FileUpload	1537780536375	1537780594584	OK	 
USER	Bulk Scan	10	END	1537780535305	1537780594586
