ASSERTION	AAMEAAEBBgAAAAAAAACJQA==
ASSERTION	AAMDAAMCAAAAAAAAgFZA
RUN	BulkScan.Login.BulkScan		bulkscan	1537362087292	 	2.0
USER	Bulk Scan	1	START	1537362087887	1537362087887
USER	Bulk Scan	2	START	1537362087914	1537362087914
USER	Bulk Scan	3	START	1537362087915	1537362087915
USER	Bulk Scan	4	START	1537362087918	1537362087918
USER	Bulk Scan	5	START	1537362087919	1537362087919
REQUEST	Bulk Scan	2		001_GetToken	1537362087915	1537362089030	OK	 
REQUEST	Bulk Scan	4		001_GetToken	1537362087918	1537362089464	OK	 
REQUEST	Bulk Scan	1		001_GetToken	1537362087909	1537362089463	OK	 
REQUEST	Bulk Scan	3		001_GetToken	1537362087916	1537362089464	OK	 
REQUEST	Bulk Scan	5		001_GetToken	1537362087919	1537362089464	OK	 
REQUEST	Bulk Scan	3		002_FileUpload	1537362089467	1537362092705	OK	 
USER	Bulk Scan	3	END	1537362087915	1537362092722
REQUEST	Bulk Scan	5		002_FileUpload	1537362089472	1537362097312	OK	 
USER	Bulk Scan	5	END	1537362087919	1537362097316
REQUEST	Bulk Scan	4		002_FileUpload	1537362089469	1537362099130	OK	 
USER	Bulk Scan	4	END	1537362087918	1537362099134
REQUEST	Bulk Scan	2		002_FileUpload	1537362089142	1537362111167	OK	 
USER	Bulk Scan	2	END	1537362087914	1537362111170
REQUEST	Bulk Scan	1		002_FileUpload	1537362089470	1537362115338	OK	 
USER	Bulk Scan	1	END	1537362087887	1537362115342
