ASSERTION	AAMEAAEBBgAAAAAAAACJQA==
ASSERTION	AAMDAAMCAAAAAAAAgFZA
RUN	BulkScan.Login.BulkScan		bulkscan	1539775546087	 	2.0
USER	Bulk Scan	1	START	1539775546708	1539775546708
USER	Bulk Scan	2	START	1539775547230	1539775547230
USER	Bulk Scan	3	START	1539775547731	1539775547731
REQUEST	Bulk Scan	1		002_FileUpload	1539775546758	1539775547889	OK	 
USER	Bulk Scan	1	END	1539775546708	1539775547926
USER	Bulk Scan	4	START	1539775548732	1539775548732
REQUEST	Bulk Scan	3		002_FileUpload	1539775547733	1539775549244	OK	 
USER	Bulk Scan	3	END	1539775547731	1539775549248
REQUEST	Bulk Scan	2		002_FileUpload	1539775547232	1539775549625	OK	 
USER	Bulk Scan	2	END	1539775547230	1539775549628
USER	Bulk Scan	5	START	1539775549730	1539775549730
USER	Bulk Scan	6	START	1539775550232	1539775550232
USER	Bulk Scan	7	START	1539775550730	1539775550730
REQUEST	Bulk Scan	5		002_FileUpload	1539775549731	1539775551338	OK	 
USER	Bulk Scan	5	END	1539775549730	1539775551341
USER	Bulk Scan	8	START	1539775551732	1539775551732
REQUEST	Bulk Scan	4		002_FileUpload	1539775548733	1539775551749	OK	 
USER	Bulk Scan	4	END	1539775548732	1539775551751
REQUEST	Bulk Scan	7		002_FileUpload	1539775550730	1539775552475	OK	 
USER	Bulk Scan	7	END	1539775550730	1539775552478
USER	Bulk Scan	9	START	1539775552720	1539775552720
USER	Bulk Scan	10	START	1539775553229	1539775553229
USER	Bulk Scan	11	START	1539775553730	1539775553730
REQUEST	Bulk Scan	8		002_FileUpload	1539775551733	1539775554039	OK	 
USER	Bulk Scan	8	END	1539775551732	1539775554041
USER	Bulk Scan	12	START	1539775554720	1539775554720
REQUEST	Bulk Scan	10		002_FileUpload	1539775553231	1539775554769	OK	 
USER	Bulk Scan	10	END	1539775553229	1539775554771
USER	Bulk Scan	13	START	1539775555731	1539775555731
REQUEST	Bulk Scan	11		002_FileUpload	1539775553732	1539775556764	OK	 
USER	Bulk Scan	11	END	1539775553730	1539775556766
REQUEST	Bulk Scan	12		002_FileUpload	1539775554721	1539775557278	OK	 
USER	Bulk Scan	12	END	1539775554720	1539775557280
REQUEST	Bulk Scan	13		002_FileUpload	1539775555732	1539775558024	OK	 
USER	Bulk Scan	13	END	1539775555731	1539775558026
REQUEST	Bulk Scan	9		002_FileUpload	1539775552722	1539775561082	OK	 
USER	Bulk Scan	9	END	1539775552720	1539775561085
REQUEST	Bulk Scan	6		002_FileUpload	1539775550234	1539775561432	OK	 
USER	Bulk Scan	6	END	1539775550232	1539775561435
