ASSERTION	AAMEAAEBBgAAAAAAAACJQA==
ASSERTION	AAMDAAMCAAAAAAAAgFZA
RUN	BulkScan.Login.BulkScan		bulkscan	1537362219025	 	2.0
USER	Bulk Scan	1	START	1537362219614	1537362219614
USER	Bulk Scan	2	START	1537362219673	1537362219673
USER	Bulk Scan	3	START	1537362219674	1537362219674
USER	Bulk Scan	4	START	1537362219676	1537362219676
USER	Bulk Scan	5	START	1537362219677	1537362219677
USER	Bulk Scan	6	START	1537362219679	1537362219679
USER	Bulk Scan	7	START	1537362219679	1537362219679
USER	Bulk Scan	8	START	1537362219680	1537362219680
USER	Bulk Scan	9	START	1537362219681	1537362219681
USER	Bulk Scan	10	START	1537362219682	1537362219682
REQUEST	Bulk Scan	10		001_GetToken	1537362219683	1537362220088	OK	 
REQUEST	Bulk Scan	1		001_GetToken	1537362219638	1537362220090	OK	 
REQUEST	Bulk Scan	9		001_GetToken	1537362219682	1537362220090	OK	 
REQUEST	Bulk Scan	3		001_GetToken	1537362219675	1537362220092	OK	 
REQUEST	Bulk Scan	5		001_GetToken	1537362219678	1537362220100	OK	 
REQUEST	Bulk Scan	6		001_GetToken	1537362219679	1537362220110	OK	 
REQUEST	Bulk Scan	2		001_GetToken	1537362219673	1537362220088	OK	 
REQUEST	Bulk Scan	8		001_GetToken	1537362219681	1537362220100	OK	 
REQUEST	Bulk Scan	7		001_GetToken	1537362219680	1537362220089	OK	 
REQUEST	Bulk Scan	4		001_GetToken	1537362219676	1537362220096	OK	 
REQUEST	Bulk Scan	9		002_FileUpload	1537362220227	1537362223491	OK	 
USER	Bulk Scan	9	END	1537362219681	1537362223504
REQUEST	Bulk Scan	8		002_FileUpload	1537362220232	1537362226930	OK	 
USER	Bulk Scan	8	END	1537362219680	1537362226931
REQUEST	Bulk Scan	10		002_FileUpload	1537362220229	1537362258254	OK	 
USER	Bulk Scan	10	END	1537362219682	1537362258255
REQUEST	Bulk Scan	6		002_FileUpload	1537362220237	1537362258264	KO	status.find.is(201), but actually found 400
USER	Bulk Scan	6	END	1537362219679	1537362258271
REQUEST	Bulk Scan	5		002_FileUpload	1537362220234	1537362277831	OK	 
USER	Bulk Scan	5	END	1537362219677	1537362277832
REQUEST	Bulk Scan	1		002_FileUpload	1537362220226	1537362220226	KO	j.u.c.TimeoutException: Request timeout to proxyout.reform.hmcts.net/172.16.0.7:8080 after 60000 ms
USER	Bulk Scan	1	END	1537362219614	1537362280234
REQUEST	Bulk Scan	4		002_FileUpload	1537362220230	1537362220230	KO	j.u.c.TimeoutException: Request timeout to proxyout.reform.hmcts.net/172.16.0.7:8080 after 60000 ms
USER	Bulk Scan	4	END	1537362219676	1537362280235
REQUEST	Bulk Scan	7		002_FileUpload	1537362220231	1537362220231	KO	j.u.c.TimeoutException: Request timeout to proxyout.reform.hmcts.net/172.16.0.7:8080 after 60000 ms
USER	Bulk Scan	7	END	1537362219679	1537362280244
REQUEST	Bulk Scan	2		002_FileUpload	1537362220233	1537362220233	KO	j.u.c.TimeoutException: Request timeout to proxyout.reform.hmcts.net/172.16.0.7:8080 after 60000 ms
USER	Bulk Scan	2	END	1537362219673	1537362280245
REQUEST	Bulk Scan	3		002_FileUpload	1537362220235	1537362220235	KO	j.u.c.TimeoutException: Request timeout to proxyout.reform.hmcts.net/172.16.0.7:8080 after 60000 ms
USER	Bulk Scan	3	END	1537362219674	1537362280246
